01-09-2019 App\Http\Controllers\ExamenController::getmunicipio, dataCostoGasolina - Campeche

01-09-2019 App\Http\Controllers\ExamenController::getmunicipio, dataCostoGasolina - Chiapas

01-09-2019 App\Http\Controllers\ExamenController::getmunicipio, dataCostoGasolina - Chiapas

01-09-2019 App\Http\Controllers\ExamenController::getmunicipio, dataCostoGasolina - Guerrero

02-09-2019 App\Http\Controllers\ExamenController::getmunicipio, dataCostoGasolina - Baja California

02-09-2019 App\Http\Controllers\ExamenController::getmunicipio, dataCostoGasolina - Campeche

02-09-2019 App\Http\Controllers\ExamenController::getmunicipio, dataCostoGasolina - Baja California

02-09-2019 App\Http\Controllers\ExamenController::getmunicipio, dataCostoGasolina - Campeche

02-09-2019 App\Http\Controllers\ExamenController::getmunicipio, dataCostoGasolina - Mexico

02-09-2019 App\Http\Controllers\ExamenController::getmunicipio, dataCostoGasolina - Mexico

02-09-2019 App\Http\Controllers\ExamenController::getmunicipio, dataCostoGasolina - Mexico

02-09-2019 App\Http\Controllers\ExamenController::getmunicipio, dataCostoGasolina - Mexico

02-09-2019 App\Http\Controllers\ExamenController::getmunicipio, dataCostoGasolina - Mexico

02-09-2019 App\Http\Controllers\ExamenController::getmunicipio, dataCostoGasolina - Durango

02-09-2019 App\Http\Controllers\ExamenController::getmunicipio, dataCostoGasolina - Guanajuato

02-09-2019 App\Http\Controllers\ExamenController::getmunicipio, dataCostoGasolina - Campeche

02-09-2019 App\Http\Controllers\ExamenController::getmunicipio, dataCostoGasolina - Chiapas

02-09-2019 App\Http\Controllers\ExamenController::getmunicipio, dataCostoGasolina - Mexico

02-09-2019 App\Http\Controllers\ExamenController::getmunicipio, dataCostoGasolina - Durango

02-09-2019 App\Http\Controllers\ExamenController::getmunicipio, dataCostoGasolina - Mexico

02-09-2019 App\Http\Controllers\ExamenController::getmunicipio, dataCostoGasolina - Mexico

02-09-2019 App\Http\Controllers\ExamenController::getmunicipio, dataCostoGasolina - Mexico

02-09-2019 App\Http\Controllers\ExamenController::getmunicipio, dataCostoGasolina - Chiapas

02-09-2019 App\Http\Controllers\ExamenController::getmunicipio, dataCostoGasolina - Mexico

02-09-2019 App\Http\Controllers\ExamenController::getmunicipio, dataCostoGasolina - Nayarit

02-09-2019 App\Http\Controllers\ExamenController::getmunicipio, dataCostoGasolina - Durango

02-09-2019 App\Http\Controllers\ExamenController::getmunicipio, dataCostoGasolina - Colima

02-09-2019 App\Http\Controllers\ExamenController::getmunicipio, dataCostoGasolina - Durango

02-09-2019 App\Http\Controllers\ExamenController::getmunicipio, dataCostoGasolina - Chiapas

02-09-2019 App\Http\Controllers\ExamenController::getmunicipio, dataCostoGasolina - Mexico

02-09-2019 App\Http\Controllers\ExamenController::getmunicipio, dataCostoGasolina - Chihuahua

02-09-2019 App\Http\Controllers\ExamenController::getmunicipio, dataCostoGasolina - Chihuahua

02-09-2019 App\Http\Controllers\ExamenController::getmunicipio, dataCostoGasolina - Durango

02-09-2019 App\Http\Controllers\ExamenController::getmunicipio, dataCostoGasolina - Guerrero

02-09-2019 App\Http\Controllers\ExamenController::getmunicipio, dataCostoGasolina - Colima

02-09-2019 App\Http\Controllers\ExamenController::getmunicipio, dataCostoGasolina - Mexico

02-09-2019 App\Http\Controllers\ExamenController::getmunicipio, dataCostoGasolina - Mexico

02-09-2019 App\Http\Controllers\ExamenController::getmunicipio, dataCostoGasolina - Mexico

02-09-2019 App\Http\Controllers\ExamenController::getmunicipio, dataCostoGasolina - Mexico

02-09-2019 App\Http\Controllers\ExamenController::getmunicipio, dataCostoGasolina - Mexico

02-09-2019 App\Http\Controllers\ExamenController::getmunicipio, dataCostoGasolina - Mexico

02-09-2019 App\Http\Controllers\ExamenController::getmunicipio, dataCostoGasolina - Mexico

